C:\Program Files\Microsoft Visual Studio\2022\Preview\MSBuild\Microsoft\VC\v150\Platforms\Win32\PlatformToolsets\v141_xp\Toolset.targets(39,5): warning MSB8051: Support for targeting Windows XP is deprecated and will not be present in future releases of Visual Studio. Please see https://go.microsoft.com/fwlink/?linkid=2023588 for more information.
  idl-safety.cpp
d:\visual studio projects\idl.exe-sourcecode\idl-safety\idl\idl-safety.cpp(232): warning C4305: 'initializing': truncation from 'double' to 'float'
d:\visual studio projects\idl.exe-sourcecode\idl-safety\idl\idl-safety.cpp(252): warning C4244: 'initializing': conversion from 'double' to 'int', possible loss of data
d:\visual studio projects\idl.exe-sourcecode\idl-safety\idl\idl-safety.cpp(253): warning C4244: 'initializing': conversion from 'double' to 'int', possible loss of data
d:\visual studio projects\idl.exe-sourcecode\idl-safety\idl\idl-safety.cpp(262): warning C4244: '=': conversion from 'double' to 'FLOAT', possible loss of data
d:\visual studio projects\idl.exe-sourcecode\idl-safety\idl\idl-safety.cpp(263): warning C4244: '=': conversion from 'double' to 'FLOAT', possible loss of data
d:\visual studio projects\idl.exe-sourcecode\idl-safety\idl\idl-safety.cpp(264): warning C4244: '=': conversion from 'double' to 'FLOAT', possible loss of data
d:\visual studio projects\idl.exe-sourcecode\idl-safety\idl\idl-safety.cpp(281): warning C4244: 'initializing': conversion from 'float' to 'int', possible loss of data
d:\visual studio projects\idl.exe-sourcecode\idl-safety\idl\idl-safety.cpp(284): warning C4244: 'initializing': conversion from 'double' to 'float', possible loss of data
d:\visual studio projects\idl.exe-sourcecode\idl-safety\idl\idl-safety.cpp(285): warning C4244: 'argument': conversion from 'float' to 'int', possible loss of data
d:\visual studio projects\idl.exe-sourcecode\idl-safety\idl\idl-safety.cpp(482): warning C4244: '=': conversion from 'unsigned long' to 'char', possible loss of data
d:\visual studio projects\idl.exe-sourcecode\idl-safety\idl\idl-safety.cpp(496): warning C4244: '=': conversion from 'unsigned long' to 'char', possible loss of data
d:\visual studio projects\idl.exe-sourcecode\idl-safety\idl\idl-safety.cpp(524): warning C4554: '>>': check operator precedence for possible error; use parentheses to clarify precedence
d:\visual studio projects\idl.exe-sourcecode\idl-safety\idl\idl-safety.cpp(538): warning C4244: '=': conversion from 'unsigned long' to 'char', possible loss of data
  Generating code
  21 of 21 functions (100.0%) were compiled.
    0 functions were new in current compilation
    0 functions had inline decision re-evaluated but remain unchanged
  Finished generating code
  idl.vcxproj -> D:\Visual Studio Projects\idl.exe-sourcecode\idl-safety\Release\idl.exe
